<?xml version="1.0" encoding="UTF-8"?>
<!-- Generated by org.testng.reporters.JUnitXMLReporter -->
<testsuite hostname="HDC4-D-38PXQG2" ignored="1" name="Default test" tests="3" failures="0" timestamp="2019-10-29T16:18:27 IST" time="0.077" errors="0">
  <testcase name="login" time="0.014" classname="demoOct.TestNGBasics"/>
  <testcase name="logout" time="0.002" classname="demoOct.TestNGBasics"/>
  <testcase name="registration" time="0.002" classname="demoOct.TestNGBasics"/>
  <testcase name="forgotPassword" time="0.0" classname="demoOct.TestNGBasics">
    <ignored/>
  </testcase> <!-- forgotPassword -->
</testsuite> <!-- Default test -->
