<?xml version="1.0" encoding="UTF-8"?>
<!-- Generated by org.testng.reporters.JUnitXMLReporter -->
<testsuite hostname="HDC4-D-38PXQG2" ignored="4" name="Test" tests="5" failures="0" timestamp="2019-10-29T17:49:12 IST" time="0.091" errors="0">
  <testcase name="addToCart" time="0.014" classname="demoOct.TestngGrouping"/>
  <testcase name="launch" time="0.002" classname="demoOct.TestngGrouping"/>
  <testcase name="login" time="0.003" classname="demoOct.TestngGrouping"/>
  <testcase name="registration" time="0.003" classname="demoOct.TestngGrouping"/>
  <testcase name="login" time="0.002" classname="demoOct.TestNGBasics"/>
  <testcase name="logout" time="0.0" classname="demoOct.TestNGBasics">
    <ignored/>
  </testcase> <!-- logout -->
  <testcase name="removeFromCart" time="0.0" classname="demoOct.TestngGrouping">
    <ignored/>
  </testcase> <!-- removeFromCart -->
  <testcase name="forgotPassword" time="0.0" classname="demoOct.TestNGBasics">
    <ignored/>
  </testcase> <!-- forgotPassword -->
  <testcase name="registration" time="0.0" classname="demoOct.TestNGBasics">
    <ignored/>
  </testcase> <!-- registration -->
</testsuite> <!-- Test -->
